<?xml version="1.0" encoding="UTF-8"?>
<!-- Generated by org.testng.reporters.JUnitReportReporter -->
<testsuite hostname="DESKTOP-NO8JAOQ" failures="0" tests="1" name="demo" time="5.873" errors="0" timestamp="2023-04-13T12:23:08 IST" skipped="0">
  <testcase classname="demo" name="fun" time="5.873"/>
  <system-out/>
</testsuite> <!-- demo -->
